<?xml version="1.0" encoding="UTF-8"?>
<!-- Generated by org.testng.reporters.JUnitReportReporter -->
<testsuite hostname="DESKTOP-P6BVL74" failures="0" tests="1" name="TestCases.Test1" time="6.779" errors="0" timestamp="2022-12-08T20:36:18 IST" skipped="0">
  <testcase classname="TestCases.Test1" name="method1" time="6.779"/>
  <system-out/>
</testsuite> <!-- TestCases.Test1 -->
