<?xml version="1.0" encoding="UTF-8"?>
<!-- Generated by org.testng.reporters.JUnitReportReporter -->
<testsuite hostname="DESKTOP-P6BVL74" failures="0" tests="1" name="TestCases.loginTestCase" time="8.441" errors="0" timestamp="2022-12-08T22:20:17 IST" skipped="0">
  <testcase classname="TestCases.loginTestCase" name="method1" time="8.441"/>
  <system-out/>
</testsuite> <!-- TestCases.loginTestCase -->
