<?xml version="1.0" encoding="UTF-8"?>
<!-- Generated by org.testng.reporters.JUnitReportReporter -->
<testsuite hostname="DESKTOP-P6BVL74" failures="0" tests="1" name="TestCases.SignUpTestCase" time="18.991" errors="0" timestamp="2022-12-15T22:47:39 IST" skipped="0">
  <testcase classname="TestCases.SignUpTestCase" name="verifySignup" time="18.991"/>
  <system-out/>
</testsuite> <!-- TestCases.SignUpTestCase -->
