<?xml version="1.0" encoding="UTF-8"?>
<!-- Generated by org.testng.reporters.JUnitReportReporter -->
<testsuite hostname="DESKTOP-P6BVL74" failures="0" tests="1" name="TestCases.SignUpTestCase" time="8.036" errors="0" timestamp="2022-12-08T22:28:45 IST" skipped="0">
  <testcase classname="TestCases.SignUpTestCase" name="verifySignup" time="8.036"/>
  <system-out/>
</testsuite> <!-- TestCases.SignUpTestCase -->
